f:\text2scene\scenegen_release\debug\objloader.obj
f:\text2scene\scenegen_release\debug\math.obj
f:\text2scene\scenegen_release\debug\statistics.obj
f:\text2scene\scenegen_release\debug\perlinnoise.obj
f:\text2scene\scenegen_release\debug\mesh_bvh.obj
f:\text2scene\scenegen_release\debug\gaussianmixturemodel.obj
f:\text2scene\scenegen_release\debug\moc_predefs.h
f:\text2scene\scenegen_release\debug\qrc_main.cpp
f:\text2scene\scenegen_release\debug\moc_glwidget.cpp
f:\text2scene\scenegen_release\debug\moc_gui.cpp
f:\text2scene\scenegen_release\debug\moc_model.cpp
f:\text2scene\scenegen_release\debug\moc_object.cpp
f:\text2scene\scenegen_release\debug\moc_shader.cpp
f:\text2scene\scenegen_release\debug\moc_textdialog.cpp
f:\text2scene\scenegen_release\debug\vc140.pdb
f:\text2scene\scenegen_release\debug\main.tlog\cl.command.1.tlog
f:\text2scene\scenegen_release\debug\main.tlog\cl.read.1.tlog
f:\text2scene\scenegen_release\debug\main.tlog\cl.write.1.tlog
f:\text2scene\scenegen_release\debug\main.tlog\custombuild.command.1.tlog
f:\text2scene\scenegen_release\debug\main.tlog\custombuild.read.1.tlog
f:\text2scene\scenegen_release\debug\main.tlog\custombuild.write.1.tlog
f:\text2scene\scenegen_release\debug\main.tlog\main.write.1u.tlog
f:\text2scene\scenegen_release\debug\main.tlog\moc.read.1u.tlog
f:\text2scene\scenegen_release\debug\main.tlog\moc.write.1u.tlog
f:\text2scene\scenegen_release\debug\main.tlog\rcc.read.1u.tlog
f:\text2scene\scenegen_release\debug\main.tlog\rcc.write.1u.tlog
